<?xml version="1.0" encoding="UTF-8"?>
<!-- Generated by org.testng.reporters.JUnitReportReporter -->
<testsuite hostname="DESKTOP-I6T4BAQ" name="test.API_Test" tests="3" failures="0" timestamp="4 Jul 2020 16:49:35 GMT" time="5.105" errors="0">
  <testcase name="getDetails" time="1.262" classname="test.API_Test"/>
  <testcase name="addPlace" time="2.735" classname="test.API_Test"/>
  <testcase name="updateDetails" time="1.108" classname="test.API_Test"/>
</testsuite> <!-- test.API_Test -->
